---------------------------------------------------------------------------------------------------------------------------------------------------------------------------------
      name:  <unnamed>
       log:  /Users/max/Documents/500_data/logs/run-improved-spec.log
  log type:  text
 opened on:  23 Mar 2017, 22:09:47

. do "/Users/max/Documents/500_data/500marrbyregion-reg-and-output.do"

. *TO-DO: check justification for use of robust standard errors
. *TO-DO: check that lincom is working correctly
. *TO-DO: revise specification for subregional consideration in "North"
. 
. * MIGRANTS TO NORTH
.         * ==MALE
.                 regress erscor50 MWithinNorth tMWithinNorth willMarryAtAll willMarryN tWMAA1 tWMN1 time age agesqr education children state_inc_1965 deltaStateInc if MToNorth=
> =1 & dSex==0, r

* EXCEL ID 23

Linear regression                               Number of obs     =     15,549
                                                F(13, 15535)      =      79.39
                                                Prob > F          =     0.0000
                                                R-squared         =     0.0637
                                                Root MSE          =     21.871

--------------------------------------------------------------------------------
               |               Robust
      erscor50 |      Coef.   Std. Err.      t    P>|t|     [95% Conf. Interval]
---------------+----------------------------------------------------------------
  MWithinNorth |   .2824486   1.024529     0.28   0.783    -1.725749    2.290646
 tMWithinNorth |   2.123903   1.636883     1.30   0.194    -1.084578    5.332384
willMarryAtAll |   3.655355   1.108855     3.30   0.001     1.481871     5.82884
    willMarryN |   .6001865   1.784629     0.34   0.737    -2.897895    4.098268
        tWMAA1 |   1.910969   .9830051     1.94   0.052    -.0158362    3.837773
         tWMN1 |   .7293617   1.847958     0.39   0.693    -2.892853    4.351576
          time |   5.561929   .8767177     6.34   0.000      3.84346    7.280398
           age |   1.283291   .1414483     9.07   0.000     1.006036    1.560547
        agesqr |  -.0156092   .0018101    -8.62   0.000    -.0191573   -.0120611
     education |   1.464776   .0591408    24.77   0.000     1.348853    1.580699
      children |  -.0498982   .0737405    -0.68   0.499    -.1944383    .0946418
state_inc_1965 |   .0001793   .0005341     0.34   0.737    -.0008677    .0012262
 deltaStateInc |  -6.020893   1.971139    -3.05   0.002    -9.884555    -2.15723
         _cons |  -3.911585   3.193132    -1.22   0.221     -10.1705    2.347326
--------------------------------------------------------------------------------

.                 est store er_n_m

. 
.                 regress occscore_real MWithinNorth tMWithinNorth willMarryAtAll willMarryN tWMAA1 tWMN1 time age agesqr education children state_inc_1965 deltaStateInc if MToN
> orth==1 & dSex==0, r

* EXCEL ID 24

Linear regression                               Number of obs     =     15,549
                                                F(13, 15535)      =     228.80
                                                Prob > F          =     0.0000
                                                R-squared         =     0.1915
                                                Root MSE          =     957.88

--------------------------------------------------------------------------------
               |               Robust
 occscore_real |      Coef.   Std. Err.      t    P>|t|     [95% Conf. Interval]
---------------+----------------------------------------------------------------
  MWithinNorth |  -49.76577   45.41384    -1.10   0.273    -138.7822    39.25067
 tMWithinNorth |   245.9463   81.51828     3.02   0.003     86.16098    405.7317
willMarryAtAll |    141.161   44.10355     3.20   0.001     54.71287    227.6091
    willMarryN |    -41.233   69.26897    -0.60   0.552    -177.0083    94.54226
        tWMAA1 |   78.02774   38.08181     2.05   0.040      3.38294    152.6725
         tWMN1 |   104.9984   72.57219     1.45   0.148    -37.25158    247.2483
          time |   831.7295   41.09319    20.24   0.000     751.1821     912.277
           age |   44.57818   6.257466     7.12   0.000     32.31282    56.84355
        agesqr |  -.5235632    .081803    -6.40   0.000    -.6839066   -.3632199
     education |   81.65029   3.373182    24.21   0.000     75.03846    88.26212
      children |  -2.096304   3.119987    -0.67   0.502    -8.211842    4.019234
state_inc_1965 |   .0571726    .023853     2.40   0.017     .0104179    .1039273
 deltaStateInc |  -336.6989   93.85747    -3.59   0.000    -520.6705   -152.7274
         _cons |   1046.727   145.1375     7.21   0.000     762.2409    1331.214
--------------------------------------------------------------------------------

.                 est store occ_n_m

. 
.                 regress presgl MWithinNorth tMWithinNorth willMarryAtAll willMarryN tWMAA1 tWMN1 time age agesqr education children state_inc_1965 deltaStateInc if MToNorth==1
>  & dSex==0, r

* EXCEL ID 25

Linear regression                               Number of obs     =     15,549
                                                F(13, 15535)      =     152.88
                                                Prob > F          =     0.0000
                                                R-squared         =     0.1538
                                                Root MSE          =     10.998

--------------------------------------------------------------------------------
               |               Robust
        presgl |      Coef.   Std. Err.      t    P>|t|     [95% Conf. Interval]
---------------+----------------------------------------------------------------
  MWithinNorth |   1.282114   .5520141     2.32   0.020     .2001017    2.364126
 tMWithinNorth |   .6436078   .8578574     0.75   0.453    -1.037893    2.325108
willMarryAtAll |   .0988477   .5886037     0.17   0.867    -1.054884     1.25258
    willMarryN |   .4755015   .9588142     0.50   0.620    -1.403886    2.354889
        tWMAA1 |   1.024612    .511476     2.00   0.045     .0220598    2.027165
         tWMN1 |   .2011649   .9893261     0.20   0.839     -1.73803     2.14036
          time |   2.958044   .4399012     6.72   0.000     2.095786    3.820301
           age |   .5478149   .0721228     7.60   0.000     .4064459     .689184
        agesqr |  -.0063913   .0009201    -6.95   0.000    -.0081947   -.0045879
     education |   1.352605   .0351235    38.51   0.000     1.283759    1.421451
      children |  -.0987564    .035982    -2.74   0.006    -.1692852   -.0282276
state_inc_1965 |   .0007853   .0002743     2.86   0.004     .0002476     .001323
 deltaStateInc |   -2.93831   .9896086    -2.97   0.003    -4.878059   -.9985619
         _cons |   .1352754   1.668611     0.08   0.935    -3.135397    3.405948
--------------------------------------------------------------------------------

.                 est store sgl_n_m

. 
.                 regress sei MWithinNorth tMWithinNorth willMarryAtAll willMarryN tWMAA1 tWMN1 time age agesqr education children state_inc_1965 deltaStateInc if MToNorth==1 & 
> dSex==0, r

* EXCEL ID 26

Linear regression                               Number of obs     =     15,549
                                                F(13, 15535)      =     188.86
                                                Prob > F          =     0.0000
                                                R-squared         =     0.1900
                                                Root MSE          =     16.338

--------------------------------------------------------------------------------
               |               Robust
           sei |      Coef.   Std. Err.      t    P>|t|     [95% Conf. Interval]
---------------+----------------------------------------------------------------
  MWithinNorth |   2.859919   .8240016     3.47   0.001     1.244779    4.475058
 tMWithinNorth |   1.737188   1.348434     1.29   0.198    -.9059002    4.380277
willMarryAtAll |  -1.674345   .8793503    -1.90   0.057    -3.397974    .0492847
    willMarryN |   .1625365   1.408226     0.12   0.908    -2.597752    2.922825
        tWMAA1 |   1.698281   .7680161     2.21   0.027     .1928797    3.203682
         tWMN1 |   1.149888   1.455837     0.79   0.430    -1.703722    4.003499
          time |   3.405192   .6722637     5.07   0.000     2.087476    4.722907
           age |   .5603032   .1060503     5.28   0.000     .3524323    .7681741
        agesqr |  -.0057151   .0013439    -4.25   0.000    -.0083493   -.0030808
     education |   2.289858   .0523691    43.73   0.000     2.187209    2.392508
      children |  -.2105163    .051298    -4.10   0.000    -.3110664   -.1099661
state_inc_1965 |   .0033842   .0004148     8.16   0.000     .0025712    .0041973
 deltaStateInc |  -2.905149   1.516337    -1.92   0.055    -5.877345     .067048
         _cons |  -25.72522   2.514482   -10.23   0.000     -30.6539   -20.79654
--------------------------------------------------------------------------------

.                 est store sei_n_m

. 
.         * ==FEMALE
.                 regress erscor50 MWithinNorth tMWithinNorth willMarryAtAll willMarryN tWMAA1 tWMN1 time age agesqr education children state_inc_1965 deltaStateInc if MToNorth=
> =1 & dSex==1, r

* EXCEL ID 28

Linear regression                               Number of obs     =     10,391
                                                F(13, 10377)      =     166.54
                                                Prob > F          =     0.0000
                                                R-squared         =     0.1905
                                                Root MSE          =     17.945

--------------------------------------------------------------------------------
               |               Robust
      erscor50 |      Coef.   Std. Err.      t    P>|t|     [95% Conf. Interval]
---------------+----------------------------------------------------------------
  MWithinNorth |   .8044497   1.025729     0.78   0.433    -1.206176    2.815075
 tMWithinNorth |   .3726203   1.629059     0.23   0.819     -2.82065     3.56589
willMarryAtAll |    1.89292   1.256229     1.51   0.132    -.5695315    4.355371
    willMarryN |  -3.724623   2.075087    -1.79   0.073    -7.792194    .3429474
        tWMAA1 |  -.8734724    1.19675    -0.73   0.465    -3.219333    1.472388
         tWMN1 |   6.551107   2.171601     3.02   0.003      2.29435    10.80786
          time |   1.501294   .9345833     1.61   0.108    -.3306694    3.333257
           age |   .5968601   .1367438     4.36   0.000     .3288159    .8649044
        agesqr |  -.0089004   .0017654    -5.04   0.000    -.0123609   -.0054399
     education |   2.703355   .0691975    39.07   0.000     2.567714    2.838995
      children |  -.3705555   .0842092    -4.40   0.000    -.5356216   -.2054893
state_inc_1965 |   .0016793   .0005248     3.20   0.001     .0006505     .002708
 deltaStateInc |   1.579255    2.12271     0.74   0.457    -2.581665    5.740175
         _cons |  -19.79918   3.186987    -6.21   0.000    -26.04629   -13.55208
--------------------------------------------------------------------------------

.                 est store er_n_f

. 
.                 regress occscore_real MWithinNorth tMWithinNorth willMarryAtAll willMarryN tWMAA1 tWMN1 time age agesqr education children state_inc_1965 deltaStateInc if MToN
> orth==1 & dSex==1, r

* EXCEL ID 29

Linear regression                               Number of obs     =     10,391
                                                F(13, 10377)      =     188.06
                                                Prob > F          =     0.0000
                                                R-squared         =     0.2126
                                                Root MSE          =       1006

--------------------------------------------------------------------------------
               |               Robust
 occscore_real |      Coef.   Std. Err.      t    P>|t|     [95% Conf. Interval]
---------------+----------------------------------------------------------------
  MWithinNorth |  -58.18319   54.09012    -1.08   0.282    -164.2102    47.84387
 tMWithinNorth |   119.9835   97.88126     1.23   0.220    -71.88261    311.8496
willMarryAtAll |   79.03421   64.78222     1.22   0.222    -47.95141    206.0198
    willMarryN |  -34.62244   92.91442    -0.37   0.709    -216.7526    147.5077
        tWMAA1 |    11.8437   61.07002     0.19   0.846    -107.8653    131.5527
         tWMN1 |    147.408   99.71615     1.48   0.139    -48.05481    342.8709
          time |   613.6455   57.04578    10.76   0.000     501.8247    725.4662
           age |   30.75436   7.712264     3.99   0.000     15.63684    45.87189
        agesqr |   -.562885   .1012615    -5.56   0.000     -.761377    -.364393
     education |   128.8454   3.911714    32.94   0.000     121.1776    136.5131
      children |  -17.72485   4.889812    -3.62   0.000    -27.30982   -8.139879
state_inc_1965 |   .1154167   .0299098     3.86   0.000     .0567878    .1740455
 deltaStateInc |  -45.96367   132.4305    -0.35   0.729    -305.5529    213.6256
         _cons |   239.0198   179.5206     1.33   0.183    -112.8752    590.9149
--------------------------------------------------------------------------------

.                 est store occ_n_f

. 
.                 regress presgl MWithinNorth tMWithinNorth willMarryAtAll willMarryN tWMAA1 tWMN1 time age agesqr education children state_inc_1965 deltaStateInc if MToNorth==1
>  & dSex==1, r

* EXCEL ID 30

Linear regression                               Number of obs     =     10,391
                                                F(13, 10377)      =     264.90
                                                Prob > F          =     0.0000
                                                R-squared         =     0.2734
                                                Root MSE          =      11.83

--------------------------------------------------------------------------------
               |               Robust
        presgl |      Coef.   Std. Err.      t    P>|t|     [95% Conf. Interval]
---------------+----------------------------------------------------------------
  MWithinNorth |   1.010158   .7390055     1.37   0.172    -.4384351    2.458751
 tMWithinNorth |   1.179816   1.073594     1.10   0.272    -.9246347    3.284267
willMarryAtAll |   .1353013   .9096522     0.15   0.882    -1.647792    1.918395
    willMarryN |  -1.286076   1.744067    -0.74   0.461    -4.704783    2.132632
        tWMAA1 |   .4698918   .8720216     0.54   0.590    -1.239438    2.179222
         tWMN1 |   3.273544   1.789491     1.83   0.067    -.2342034    6.781291
          time |   2.491058    .577142     4.32   0.000     1.359748    3.622367
           age |   .2524334   .0931396     2.71   0.007     .0698619    .4350049
        agesqr |  -.0040274   .0011958    -3.37   0.001    -.0063714   -.0016833
     education |   2.283278   .0481494    47.42   0.000     2.188896     2.37766
      children |  -.2314645   .0579991    -3.99   0.000     -.345154    -.117775
state_inc_1965 |   .0012817   .0003617     3.54   0.000     .0005727    .0019907
 deltaStateInc |  -.2545153    1.29428    -0.20   0.844    -2.791554    2.282523
         _cons |  -3.691038   2.230147    -1.66   0.098    -8.062556    .6804793
--------------------------------------------------------------------------------

.                 est store sgl_n_f

. 
.                 regress sei MWithinNorth tMWithinNorth willMarryAtAll willMarryN tWMAA1 tWMN1 time age agesqr education children state_inc_1965 deltaStateInc if MToNorth==1 & 
> dSex==1, r

* EXCEL ID 31

Linear regression                               Number of obs     =     10,391
                                                F(13, 10377)      =     299.05
                                                Prob > F          =     0.0000
                                                R-squared         =     0.3000
                                                Root MSE          =     17.342

--------------------------------------------------------------------------------
               |               Robust
           sei |      Coef.   Std. Err.      t    P>|t|     [95% Conf. Interval]
---------------+----------------------------------------------------------------
  MWithinNorth |   2.041673   1.070167     1.91   0.056    -.0560605    4.139406
 tMWithinNorth |   .6375766   1.591082     0.40   0.689    -2.481251    3.756404
willMarryAtAll |  -1.211882   1.352885    -0.90   0.370    -3.863798    1.440033
    willMarryN |   1.623717   2.717227     0.60   0.550    -3.702572    6.950006
        tWMAA1 |   1.604673   1.291268     1.24   0.214    -.9264606    4.135806
         tWMN1 |   1.885489   2.784158     0.68   0.498    -3.571997    7.342974
          time |   3.119086   .8653092     3.60   0.000     1.422913    4.815259
           age |   .1983139   .1382822     1.43   0.152    -.0727458    .4693736
        agesqr |  -.0038597   .0017517    -2.20   0.028    -.0072934    -.000426
     education |   3.547966   .0704533    50.36   0.000     3.409864    3.686068
      children |  -.4071635   .0809722    -5.03   0.000    -.5658846   -.2484424
state_inc_1965 |    .002812   .0005254     5.35   0.000     .0017822    .0038419
 deltaStateInc |   1.322826   1.941035     0.68   0.496    -2.481977    5.127629
         _cons |  -26.39211   3.265292    -8.08   0.000    -32.79271   -19.99151
--------------------------------------------------------------------------------

.                 est store sei_n_f

. 
.         * ==BOTH GENDERS
.                 regress erscor50 MWithinNorth tMWithinNorth willMarryAtAll willMarryN tWMAA1 tWMN1 time age agesqr education children state_inc_1965 deltaStateInc if MToNorth=
> =1, r

* EXCEL ID 33

Linear regression                               Number of obs     =     25,940
                                                F(13, 25926)      =     127.54
                                                Prob > F          =     0.0000
                                                R-squared         =     0.0626
                                                Root MSE          =     22.217

--------------------------------------------------------------------------------
               |               Robust
      erscor50 |      Coef.   Std. Err.      t    P>|t|     [95% Conf. Interval]
---------------+----------------------------------------------------------------
  MWithinNorth |   .5153053   .8018161     0.64   0.520    -1.056299    2.086909
 tMWithinNorth |   1.969511   1.280488     1.54   0.124    -.5403162    4.479339
willMarryAtAll |   5.156007   .8571721     6.02   0.000     3.475902    6.836112
    willMarryN |   .7182046    1.49825     0.48   0.632    -2.218449    3.654858
        tWMAA1 |  -.5586446   .7957549    -0.70   0.483    -2.118368    1.001079
         tWMN1 |   4.081289   1.553194     2.63   0.009     1.036943    7.125635
          time |     4.6521   .7003173     6.64   0.000     3.279439    6.024761
           age |    1.03239   .1085841     9.51   0.000     .8195595    1.245221
        agesqr |  -.0135957   .0014018    -9.70   0.000    -.0163432   -.0108482
     education |    1.43414   .0474648    30.21   0.000     1.341107    1.527174
      children |  -.1755012   .0616743    -2.85   0.004    -.2963862   -.0546161
state_inc_1965 |   .0001748   .0004197     0.42   0.677    -.0006478    .0009974
 deltaStateInc |  -4.235559   1.577965    -2.68   0.007    -7.328459   -1.142659
         _cons |  -3.287529   2.454086    -1.34   0.180    -8.097674    1.522616
--------------------------------------------------------------------------------

.                 est store er_n_all

. 
.                 regress occscore_real MWithinNorth tMWithinNorth willMarryAtAll willMarryN tWMAA1 tWMN1 time age agesqr education children state_inc_1965 deltaStateInc if MToN
> orth==1, r

* EXCEL ID 34

Linear regression                               Number of obs     =     25,940
                                                F(13, 25926)      =     290.74
                                                Prob > F          =     0.0000
                                                R-squared         =     0.1443
                                                Root MSE          =     1070.5

--------------------------------------------------------------------------------
               |               Robust
 occscore_real |      Coef.   Std. Err.      t    P>|t|     [95% Conf. Interval]
---------------+----------------------------------------------------------------
  MWithinNorth |  -54.85741   37.70958    -1.45   0.146    -128.7703    19.05547
 tMWithinNorth |   223.6346   67.75181     3.30   0.001     90.83731    356.4319
willMarryAtAll |   228.4161    37.8762     6.03   0.000     154.1767    302.6555
    willMarryN |   14.08847   59.53706     0.24   0.813    -102.6075    130.7844
        tWMAA1 |  -10.58772    34.0283    -0.31   0.756    -77.28508    56.10963
         tWMN1 |   211.6116   62.74004     3.37   0.001     88.63763    334.5856
          time |   781.2903   36.16829    21.60   0.000     710.3984    852.1821
           age |   39.55554   5.322503     7.43   0.000     29.12313    49.98794
        agesqr |  -.5647515   .0701404    -8.05   0.000    -.7022306   -.4272724
     education |   75.04334   2.647632    28.34   0.000     69.85383    80.23285
      children |   -7.97317   2.935688    -2.72   0.007    -13.72728   -2.219058
state_inc_1965 |   .0475742   .0205195     2.32   0.020     .0073548    .0877936
 deltaStateInc |  -286.7723   82.97705    -3.46   0.001    -449.4119   -124.1326
         _cons |   1075.482    121.337     8.86   0.000     837.6547    1313.309
--------------------------------------------------------------------------------

.                 est store occ_n_all

. 
.                 regress presgl MWithinNorth tMWithinNorth willMarryAtAll willMarryN tWMAA1 tWMN1 time age agesqr education children state_inc_1965 deltaStateInc if MToNorth==1
> , r

* EXCEL ID 35

Linear regression                               Number of obs     =     25,940
                                                F(13, 25926)      =     384.79
                                                Prob > F          =     0.0000
                                                R-squared         =     0.1975
                                                Root MSE          =     11.468

--------------------------------------------------------------------------------
               |               Robust
        presgl |      Coef.   Std. Err.      t    P>|t|     [95% Conf. Interval]
---------------+----------------------------------------------------------------
  MWithinNorth |   1.156721   .4475118     2.58   0.010     .2795727    2.033868
 tMWithinNorth |   .9831307   .6771658     1.45   0.147    -.3441519    2.310413
willMarryAtAll |  -.2938233   .4983377    -0.59   0.555    -1.270593    .6829463
    willMarryN |  -.4454747   .8541112    -0.52   0.602     -2.11958    1.228631
        tWMAA1 |   .9506895   .4564444     2.08   0.037     .0560332    1.845346
         tWMN1 |    1.50733   .8795637     1.71   0.087    -.2166639    3.231323
          time |   2.857213   .3586498     7.97   0.000     2.154239    3.560186
           age |   .4088699   .0575043     7.11   0.000     .2961583    .5215815
        agesqr |  -.0051797   .0007351    -7.05   0.000    -.0066206   -.0037388
     education |   1.685605   .0278252    60.58   0.000     1.631066    1.740144
      children |  -.1431598   .0309957    -4.62   0.000    -.2039131   -.0824065
state_inc_1965 |   .0009616   .0002211     4.35   0.000     .0005283    .0013949
 deltaStateInc |   -2.12128   .8080262    -2.63   0.009    -3.705056   -.5375036
         _cons |  -.0290888   1.342445    -0.02   0.983    -2.660356    2.602179
--------------------------------------------------------------------------------

.                 est store sgl_n_all

. 
.                 regress sei MWithinNorth tMWithinNorth willMarryAtAll willMarryN tWMAA1 tWMN1 time age agesqr education children state_inc_1965 deltaStateInc if MToNorth==1, r

* EXCEL ID 36

Linear regression                               Number of obs     =     25,940
                                                F(13, 25926)      =     464.96
                                                Prob > F          =     0.0000
                                                R-squared         =     0.2322
                                                Root MSE          =     16.948

--------------------------------------------------------------------------------
               |               Robust
           sei |      Coef.   Std. Err.      t    P>|t|     [95% Conf. Interval]
---------------+----------------------------------------------------------------
  MWithinNorth |    2.47305   .6600121     3.75   0.000      1.17939    3.766711
 tMWithinNorth |    1.45997   1.037285     1.41   0.159    -.5731667    3.493106
willMarryAtAll |   -2.13841   .7475942    -2.86   0.004    -3.603736   -.6730841
    willMarryN |  -.2717249   1.286128    -0.21   0.833    -2.792608    2.249158
        tWMAA1 |   1.973042   .6826714     2.89   0.004     .6349683    3.311116
         tWMN1 |   2.066656      1.325     1.56   0.119    -.5304176     4.66373
          time |   3.405059   .5414873     6.29   0.000     2.343714    4.466404
           age |   .3837301    .085117     4.51   0.000     .2168961    .5505641
        agesqr |  -.0045614   .0010778    -4.23   0.000    -.0066739   -.0024489
     education |   2.762409    .041159    67.12   0.000     2.681735    2.843082
      children |  -.2763085   .0438615    -6.30   0.000    -.3622795   -.1903375
state_inc_1965 |   .0031234   .0003278     9.53   0.000     .0024808    .0037659
 deltaStateInc |  -1.581558   1.220109    -1.30   0.195     -3.97304    .8099235
         _cons |  -24.32306   2.000301   -12.16   0.000    -28.24376   -20.40236
--------------------------------------------------------------------------------

.                 est store sei_n_all

. 
. 
. * REMAINING IN SOUTH
.         * ==MALE
.                 regress erscor50 MWithinSouth tMWithinSouth willMarryAtAll willMarryN tWMAA1 tWMN1 time age agesqr education children state_inc_1965 deltaStateInc if MToNorth=
> =0 & dSex==0, r

* EXCEL ID 38

Linear regression                               Number of obs     =     21,172
                                                F(13, 21158)      =     115.20
                                                Prob > F          =     0.0000
                                                R-squared         =     0.0689
                                                Root MSE          =     20.978

--------------------------------------------------------------------------------
               |               Robust
      erscor50 |      Coef.   Std. Err.      t    P>|t|     [95% Conf. Interval]
---------------+----------------------------------------------------------------
  MWithinSouth |   .7615273   1.358042     0.56   0.575    -1.900338    3.423393
 tMWithinSouth |   -.153877   1.977865    -0.08   0.938    -4.030644     3.72289
willMarryAtAll |   5.522491   .8442601     6.54   0.000     3.867677    7.177305
    willMarryN |  -11.68342   3.202243    -3.65   0.000    -17.96006   -5.406783
        tWMAA1 |   .6140251   .7633969     0.80   0.421    -.8822909    2.110341
         tWMN1 |   18.74941   3.715674     5.05   0.000     11.46641    26.03242
          time |    2.08501   1.624526     1.28   0.199    -1.099186    5.269205
           age |   1.084211   .1104026     9.82   0.000     .8678137    1.300609
        agesqr |  -.0130218   .0014172    -9.19   0.000    -.0157996    -.010244
     education |   1.344871   .0433441    31.03   0.000     1.259913    1.429828
      children |  -.1006886   .0507591    -1.98   0.047    -.2001803   -.0011968
state_inc_1965 |   .0007622   .0005266     1.45   0.148    -.0002699    .0017943
 deltaStateInc |   1.053444   3.029335     0.35   0.728    -4.884283    6.991171
         _cons |  -3.072316    2.39435    -1.28   0.199    -7.765425    1.620793
--------------------------------------------------------------------------------

.                 est store er_s_m

. 
.                 regress occscore_real MWithinSouth tMWithinSouth willMarryAtAll willMarryN tWMAA1 tWMN1 time age agesqr education children state_inc_1965 deltaStateInc if MToN
> orth==0 & dSex==0, r

* EXCEL ID 39

Linear regression                               Number of obs     =     21,172
                                                F(13, 21158)      =     318.16
                                                Prob > F          =     0.0000
                                                R-squared         =     0.1914
                                                Root MSE          =     949.78

--------------------------------------------------------------------------------
               |               Robust
 occscore_real |      Coef.   Std. Err.      t    P>|t|     [95% Conf. Interval]
---------------+----------------------------------------------------------------
  MWithinSouth |   3.233691   58.18299     0.06   0.956    -110.8094    117.2768
 tMWithinSouth |   15.11697   93.19742     0.16   0.871    -167.5571     197.791
willMarryAtAll |   281.0846    35.6821     7.88   0.000     211.1449    351.0242
    willMarryN |  -295.9923   193.5351    -1.53   0.126    -675.3358    83.35119
        tWMAA1 |   29.42982   30.97293     0.95   0.342    -31.27948    90.13912
         tWMN1 |    839.321   234.0674     3.59   0.000      380.531    1298.111
          time |   686.6058   77.52598     8.86   0.000      534.649    838.5626
           age |   50.45839   4.978168    10.14   0.000      40.7008    60.21598
        agesqr |  -.5971514   .0643754    -9.28   0.000    -.7233321   -.4709707
     education |   78.60612   2.318803    33.90   0.000     74.06109    83.15115
      children |  -10.70309    2.31003    -4.63   0.000    -15.23093   -6.175259
state_inc_1965 |   .0777718   .0241586     3.22   0.001      .030419    .1251246
 deltaStateInc |  -79.38942   145.2914    -0.55   0.585    -364.1717    205.3929
         _cons |   725.9806   108.7793     6.67   0.000     512.7649    939.1964
--------------------------------------------------------------------------------

.                 est store occ_s_m

. 
.                 regress presgl MWithinSouth tMWithinSouth willMarryAtAll willMarryN tWMAA1 tWMN1 time age agesqr education children state_inc_1965 deltaStateInc if MToNorth==0
>  & dSex==0, r

* EXCEL ID 40

Linear regression                               Number of obs     =     21,172
                                                F(13, 21158)      =     139.59
                                                Prob > F          =     0.0000
                                                R-squared         =     0.1266
                                                Root MSE          =     10.216

--------------------------------------------------------------------------------
               |               Robust
        presgl |      Coef.   Std. Err.      t    P>|t|     [95% Conf. Interval]
---------------+----------------------------------------------------------------
  MWithinSouth |   1.168483   .6906234     1.69   0.091    -.1851917    2.522157
 tMWithinSouth |   .0125857   1.001155     0.01   0.990    -1.949754    1.974925
willMarryAtAll |   1.154843   .4116355     2.81   0.005     .3480061     1.96168
    willMarryN |   -.780972   2.470691    -0.32   0.752    -5.623714     4.06177
        tWMAA1 |   .4356027   .3698303     1.18   0.239    -.2892928    1.160498
         tWMN1 |   5.733817   2.692205     2.13   0.033     .4568906    11.01074
          time |   1.348156   .7815101     1.73   0.085    -.1836634    2.879975
           age |   .5055349   .0535499     9.44   0.000     .4005729    .6104969
        agesqr |  -.0054456   .0006888    -7.91   0.000    -.0067956   -.0040955
     education |   1.026564   .0269818    38.05   0.000     .9736773     1.07945
      children |  -.0350475   .0236208    -1.48   0.138     -.081346     .011251
state_inc_1965 |  -.0008716   .0002546    -3.42   0.001    -.0013706   -.0003726
 deltaStateInc |  -.4061105   1.452927    -0.28   0.780    -3.253958    2.441737
         _cons |   7.472768   1.173223     6.37   0.000     5.173162    9.772375
--------------------------------------------------------------------------------

.                 est store sgl_s_m

. 
.                 regress sei MWithinSouth tMWithinSouth willMarryAtAll willMarryN tWMAA1 tWMN1 time age agesqr education children state_inc_1965 deltaStateInc if MToNorth==0 & 
> dSex==0, r

* EXCEL ID 41

Linear regression                               Number of obs     =     21,172
                                                F(13, 21158)      =     196.26
                                                Prob > F          =     0.0000
                                                R-squared         =     0.1869
                                                Root MSE          =     14.179

--------------------------------------------------------------------------------
               |               Robust
           sei |      Coef.   Std. Err.      t    P>|t|     [95% Conf. Interval]
---------------+----------------------------------------------------------------
  MWithinSouth |   .8087179   .9554415     0.85   0.397     -1.06402    2.681456
 tMWithinSouth |   .3791615    1.39548     0.27   0.786    -2.356085    3.114408
willMarryAtAll |   1.282029   .5668923     2.26   0.024      .170877    2.393181
    willMarryN |   2.644922   4.279945     0.62   0.537    -5.744097    11.03394
        tWMAA1 |   .7424085   .5156664     1.44   0.150    -.2683368    1.753154
         tWMN1 |   5.986016   4.582142     1.31   0.191    -2.995331    14.96736
          time |   .1689826   1.082892     0.16   0.876    -1.953568    2.291533
           age |   .7565026   .0720001    10.51   0.000     .6153768    .8976283
        agesqr |   -.007755   .0009199    -8.43   0.000    -.0095581    -.005952
     education |   1.801239   .0395752    45.51   0.000     1.723668    1.878809
      children |  -.2263685   .0302467    -7.48   0.000    -.2856545   -.1670826
state_inc_1965 |   .0000683   .0003501     0.19   0.845    -.0006179    .0007544
 deltaStateInc |   2.383291   2.012922     1.18   0.236    -1.562189    6.328771
         _cons |  -16.85672   1.597107   -10.55   0.000    -19.98718   -13.72627
--------------------------------------------------------------------------------

.                 est store sei_s_m

. 
.         * ==FEMALE
.                 regress erscor50 MWithinSouth tMWithinSouth willMarryAtAll willMarryN tWMAA1 tWMN1 time age agesqr education children state_inc_1965 deltaStateInc if MToNorth=
> =0 & dSex==1, r

* EXCEL ID 43

Linear regression                               Number of obs     =     14,246
                                                F(13, 14232)      =     366.77
                                                Prob > F          =     0.0000
                                                R-squared         =     0.2731
                                                Root MSE          =     17.949

--------------------------------------------------------------------------------
               |               Robust
      erscor50 |      Coef.   Std. Err.      t    P>|t|     [95% Conf. Interval]
---------------+----------------------------------------------------------------
  MWithinSouth |   1.824761   1.587212     1.15   0.250    -1.286383    4.935904
 tMWithinSouth |  -2.165196   2.208935    -0.98   0.327    -6.494998    2.164605
willMarryAtAll |   .6109013   1.151941     0.53   0.596    -1.647053    2.868855
    willMarryN |    5.91377   5.341917     1.11   0.268    -4.557085    16.38462
        tWMAA1 |   1.484122   1.103886     1.34   0.179    -.6796392    3.647883
         tWMN1 |  -3.247099   5.743596    -0.57   0.572     -14.5053    8.011101
          time |   4.238245   1.716562     2.47   0.014     .8735595    7.602931
           age |   .4015425   .1162687     3.45   0.001     .1736406    .6294445
        agesqr |  -.0051733   .0014887    -3.48   0.001    -.0080913   -.0022552
     education |   2.991212    .049403    60.55   0.000     2.894375    3.088048
      children |  -.5849721   .0503308   -11.62   0.000    -.6836269   -.4863172
state_inc_1965 |  -.0021987   .0005584    -3.94   0.000    -.0032932   -.0011041
 deltaStateInc |  -5.658194   3.172825    -1.78   0.075    -11.87735    .5609583
         _cons |  -13.75298   2.579721    -5.33   0.000    -18.80957   -8.696393
--------------------------------------------------------------------------------

.                 est store er_s_f

. 
.                 regress occscore_real MWithinSouth tMWithinSouth willMarryAtAll willMarryN tWMAA1 tWMN1 time age agesqr education children state_inc_1965 deltaStateInc if MToN
> orth==0 & dSex==1, r

* EXCEL ID 44

Linear regression                               Number of obs     =     14,246
                                                F(13, 14232)      =     402.95
                                                Prob > F          =     0.0000
                                                R-squared         =     0.2452
                                                Root MSE          =     1070.4

--------------------------------------------------------------------------------
               |               Robust
 occscore_real |      Coef.   Std. Err.      t    P>|t|     [95% Conf. Interval]
---------------+----------------------------------------------------------------
  MWithinSouth |   35.90455   81.16494     0.44   0.658    -123.1893    194.9984
 tMWithinSouth |  -162.0208    123.158    -1.32   0.188    -403.4265    79.38492
willMarryAtAll |   90.24227   64.91451     1.39   0.164    -36.99865    217.4832
    willMarryN |   89.62618     163.68     0.55   0.584     -231.208    410.4603
        tWMAA1 |   55.53114   61.70836     0.90   0.368    -65.42532    176.4876
         tWMN1 |   52.55979   202.5679     0.26   0.795    -344.4998    449.6194
          time |   708.8925   106.8771     6.63   0.000     499.3994    918.3856
           age |   16.76158   6.905994     2.43   0.015     3.224928    30.29823
        agesqr |  -.3223879   .0896033    -3.60   0.000    -.4980221   -.1467537
     education |   147.4937   2.565852    57.48   0.000     142.4643    152.5231
      children |  -26.62106   3.202346    -8.31   0.000    -32.89807   -20.34404
state_inc_1965 |  -.0376825   .0332271    -1.13   0.257     -.102812     .027447
 deltaStateInc |  -403.4939   198.2386    -2.04   0.042    -792.0675   -14.92029
         _cons |   327.9255   151.0677     2.17   0.030     31.81317    624.0379
--------------------------------------------------------------------------------

.                 est store occ_s_f

. 
.                 regress presgl MWithinSouth tMWithinSouth willMarryAtAll willMarryN tWMAA1 tWMN1 time age agesqr education children state_inc_1965 deltaStateInc if MToNorth==0
>  & dSex==1, r

* EXCEL ID 45

Linear regression                               Number of obs     =     14,246
                                                F(13, 14232)      =     463.40
                                                Prob > F          =     0.0000
                                                R-squared         =     0.3502
                                                Root MSE          =     11.326

--------------------------------------------------------------------------------
               |               Robust
        presgl |      Coef.   Std. Err.      t    P>|t|     [95% Conf. Interval]
---------------+----------------------------------------------------------------
  MWithinSouth |   1.089717   .9534407     1.14   0.253    -.7791509    2.958586
 tMWithinSouth |  -.5800454    1.41844    -0.41   0.683    -3.360374    2.200283
willMarryAtAll |   .4202047    .719777     0.58   0.559    -.9906523    1.831062
    willMarryN |   11.62729   2.705445     4.30   0.000     6.324264    16.93032
        tWMAA1 |   1.331313   .6923538     1.92   0.055    -.0257912    2.688417
         tWMN1 |  -9.813934   2.967035    -3.31   0.001    -15.62971   -3.998158
          time |   3.429856   1.117529     3.07   0.002     1.239353    5.620358
           age |   .4092897   .0717165     5.71   0.000      .268716    .5498634
        agesqr |  -.0044787   .0009162    -4.89   0.000    -.0062746   -.0026827
     education |    2.29895   .0330412    69.58   0.000     2.234185    2.363715
      children |  -.4098969   .0314074   -13.05   0.000    -.4714596   -.3483342
state_inc_1965 |  -.0019202   .0003488    -5.51   0.000    -.0026038   -.0012366
 deltaStateInc |  -4.569318   2.070893    -2.21   0.027     -8.62854   -.5100966
         _cons |  -1.841062   1.595694    -1.15   0.249     -4.96883    1.286706
--------------------------------------------------------------------------------

.                 est store sgl_s_f

. 
.                 regress sei MWithinSouth tMWithinSouth willMarryAtAll willMarryN tWMAA1 tWMN1 time age agesqr education children state_inc_1965 deltaStateInc if MToNorth==0 & 
> dSex==1, r

* EXCEL ID 46

Linear regression                               Number of obs     =     14,246
                                                F(13, 14232)      =     465.40
                                                Prob > F          =     0.0000
                                                R-squared         =     0.3717
                                                Root MSE          =     16.606

--------------------------------------------------------------------------------
               |               Robust
           sei |      Coef.   Std. Err.      t    P>|t|     [95% Conf. Interval]
---------------+----------------------------------------------------------------
  MWithinSouth |    1.87037   1.480259     1.26   0.206    -1.031131     4.77187
 tMWithinSouth |  -2.221702    2.05328    -1.08   0.279    -6.246399    1.802994
willMarryAtAll |   .6644527   1.101552     0.60   0.546    -1.494734    2.823639
    willMarryN |   14.16603    6.14338     2.31   0.021     2.124205    26.20786
        tWMAA1 |   1.761442    1.05691     1.67   0.096     -.310239    3.833123
         tWMN1 |  -8.538781   6.475737    -1.32   0.187    -21.23207    4.154509
          time |   5.210362   1.559341     3.34   0.001     2.153849    8.266875
           age |   .4268764   .1080226     3.95   0.000      .215138    .6386148
        agesqr |  -.0040807   .0013751    -2.97   0.003     -.006776   -.0013853
     education |   3.527852   .0501531    70.34   0.000     3.429546    3.626159
      children |  -.6778305   .0440577   -15.39   0.000    -.7641894   -.5914716
state_inc_1965 |  -.0020829   .0005097    -4.09   0.000    -.0030821   -.0010838
 deltaStateInc |  -7.034976   2.878113    -2.44   0.015    -12.67645   -1.393498
         _cons |  -22.67192   2.402852    -9.44   0.000    -27.38182   -17.96201
--------------------------------------------------------------------------------

.                 est store sei_s_f

. 
.         * ==BOTH GENDERS
.                 regress erscor50 MWithinSouth tMWithinSouth willMarryAtAll willMarryN tWMAA1 tWMN1 time age agesqr education children state_inc_1965 deltaStateInc if MToNorth=
> =0, r

* EXCEL ID 48

Linear regression                               Number of obs     =     35,418
                                                F(13, 35404)      =     195.13
                                                Prob > F          =     0.0000
                                                R-squared         =     0.0674
                                                Root MSE          =     22.297

--------------------------------------------------------------------------------
               |               Robust
      erscor50 |      Coef.   Std. Err.      t    P>|t|     [95% Conf. Interval]
---------------+----------------------------------------------------------------
  MWithinSouth |   2.364472   1.132111     2.09   0.037     .1454997    4.583445
 tMWithinSouth |  -.8459139     1.6692    -0.51   0.612    -4.117598     2.42577
willMarryAtAll |   6.339196   .7134996     8.88   0.000     4.940715    7.737678
    willMarryN |  -4.352566   3.544329    -1.23   0.219    -11.29956    2.594428
        tWMAA1 |  -.2470109   .6668256    -0.37   0.711     -1.55401    1.059988
         tWMN1 |   12.20062   3.894376     3.13   0.002     4.567526    19.83372
          time |   4.337629   1.359125     3.19   0.001     1.673701    7.001556
           age |   .7239696   .0899602     8.05   0.000     .5476448    .9002944
        agesqr |  -.0097669   .0011618    -8.41   0.000     -.012044   -.0074897
     education |   1.344067   .0349163    38.49   0.000      1.27563    1.412504
      children |  -.5154177   .0421382   -12.23   0.000    -.5980098   -.4328257
state_inc_1965 |  -.0010851   .0004317    -2.51   0.012    -.0019312   -.0002391
 deltaStateInc |  -3.324597   2.528689    -1.31   0.189    -8.280906    1.631713
         _cons |   3.316306   1.948858     1.70   0.089    -.5035152    7.136127
--------------------------------------------------------------------------------

.                 est store er_s_all

. 
.                 regress occscore_real MWithinSouth tMWithinSouth willMarryAtAll willMarryN tWMAA1 tWMN1 time age agesqr education children state_inc_1965 deltaStateInc if MToN
> orth==0, r

* EXCEL ID 49

Linear regression                               Number of obs     =     35,418
                                                F(13, 35404)      =     380.90
                                                Prob > F          =     0.0000
                                                R-squared         =     0.1278
                                                Root MSE          =       1140

--------------------------------------------------------------------------------
               |               Robust
 occscore_real |      Coef.   Std. Err.      t    P>|t|     [95% Conf. Interval]
---------------+----------------------------------------------------------------
  MWithinSouth |   80.40995   52.17296     1.54   0.123    -21.85067    182.6706
 tMWithinSouth |  -40.18146   84.16255    -0.48   0.633    -205.1427    124.7798
willMarryAtAll |   339.7808   33.34622    10.19   0.000     274.4212    405.1405
    willMarryN |  -140.4481   142.4737    -0.99   0.324    -419.7011    138.8048
        tWMAA1 |  -11.88597   30.18344    -0.39   0.694    -71.04644    47.27451
         tWMN1 |   664.5361   176.7883     3.76   0.000     318.0255    1011.047
          time |   763.8188   72.35655    10.56   0.000     621.9977    905.6399
           age |     32.273   4.597936     7.02   0.000     23.26091     41.2851
        agesqr |  -.4828612   .0601865    -8.02   0.000    -.6008286   -.3648937
     education |   70.59727    1.83283    38.52   0.000     67.00487    74.18967
      children |  -28.71667   2.190558   -13.11   0.000    -33.01023   -24.42311
state_inc_1965 |  -.0000314    .022086    -0.00   0.999    -.0433206    .0432578
 deltaStateInc |  -289.1177    135.068    -2.14   0.032    -553.8551   -24.38023
         _cons |   1129.114   98.93684    11.41   0.000     935.1947    1323.033
--------------------------------------------------------------------------------

.                 est store occ_s_all

. 
.                 regress presgl MWithinSouth tMWithinSouth willMarryAtAll willMarryN tWMAA1 tWMN1 time age agesqr education children state_inc_1965 deltaStateInc if MToNorth==0
> , r

* EXCEL ID 50

Linear regression                               Number of obs     =     35,418
                                                F(13, 35404)      =     439.67
                                                Prob > F          =     0.0000
                                                R-squared         =     0.1998
                                                Root MSE          =     10.985

--------------------------------------------------------------------------------
               |               Robust
        presgl |      Coef.   Std. Err.      t    P>|t|     [95% Conf. Interval]
---------------+----------------------------------------------------------------
  MWithinSouth |   1.207178   .5656399     2.13   0.033      .098506    2.315849
 tMWithinSouth |  -.1378904   .8253024    -0.17   0.867    -1.755509    1.479728
willMarryAtAll |    .869144   .3599365     2.41   0.016     .1636574    1.574631
    willMarryN |    5.78877   2.642433     2.19   0.028     .6095204    10.96802
        tWMAA1 |   .8961501   .3326422     2.69   0.007     .2441611    1.548139
         tWMN1 |  -1.452425    2.76808    -0.52   0.600    -6.877948    3.973098
          time |   2.206688   .6548013     3.37   0.001     .9232569    3.490118
           age |    .477029   .0440921    10.82   0.000      .390607    .5634509
        agesqr |  -.0051961   .0005664    -9.17   0.000    -.0063062    -.004086
     education |   1.449908   .0210844    68.77   0.000     1.408582    1.491234
      children |  -.2061209   .0192719   -10.70   0.000    -.2438944   -.1683474
state_inc_1965 |  -.0014526   .0002113    -6.88   0.000    -.0018667   -.0010385
 deltaStateInc |  -2.130294   1.215439    -1.75   0.080    -4.512592    .2520049
         _cons |   5.193156   .9680931     5.36   0.000     3.295663    7.090648
--------------------------------------------------------------------------------

.                 est store sgl_s_all

. 
.                 regress sei MWithinSouth tMWithinSouth willMarryAtAll willMarryN tWMAA1 tWMN1 time age agesqr education children state_inc_1965 deltaStateInc if MToNorth==0, r

* EXCEL ID 51

Linear regression                               Number of obs     =     35,418
                                                F(13, 35404)      =     556.61
                                                Prob > F          =     0.0000
                                                R-squared         =     0.2574
                                                Root MSE          =     15.561

--------------------------------------------------------------------------------
               |               Robust
           sei |      Coef.   Std. Err.      t    P>|t|     [95% Conf. Interval]
---------------+----------------------------------------------------------------
  MWithinSouth |   1.128359   .8133359     1.39   0.165    -.4658045    2.722523
 tMWithinSouth |  -.3724913   1.169701    -0.32   0.750    -2.665141    1.920158
willMarryAtAll |   .6465009   .5188802     1.25   0.213    -.3705204    1.663522
    willMarryN |   9.531051   4.302837     2.22   0.027     1.097357    17.96475
        tWMAA1 |   1.499924   .4798557     3.13   0.002     .5593917    2.440456
         tWMN1 |  -1.473709   4.490959    -0.33   0.743    -10.27613     7.32871
          time |   2.013398    .918906     2.19   0.028     .2123138    3.814482
           age |   .6505014    .062222    10.45   0.000     .5285443    .7724585
        agesqr |  -.0065334   .0007947    -8.22   0.000    -.0080911   -.0049757
     education |   2.426929   .0311616    77.88   0.000     2.365851    2.488007
      children |  -.4182258   .0254038   -16.46   0.000    -.4680181   -.3684335
state_inc_1965 |  -.0009495   .0002971    -3.20   0.001    -.0015318   -.0003672
 deltaStateInc |  -1.166879   1.703626    -0.68   0.493    -4.506039     2.17228
         _cons |  -18.09433   1.372658   -13.18   0.000    -20.78478   -15.40388
--------------------------------------------------------------------------------

.                 est store sei_s_all

. 
. outreg2 [er_n_all occ_n_all sgl_n_all sei_n_all] using output-n-all, replace alpha(.02, .10, .20)  nonotes
dir : seeout

. outreg2 [er_n_m occ_n_m sgl_n_m sei_n_m] using output-n-m, replace alpha(.02, .10, .20)  nonotes
dir : seeout

. outreg2 [er_n_f occ_n_f sgl_n_f sei_n_f] using output-n-f, replace alpha(.02, .10, .20)  nonotes
dir : seeout

. 
. outreg2 [er_s_all occ_s_all sgl_s_all sei_s_all] using output-s-all, replace alpha(.02, .10, .20)  nonotes
dir : seeout

. outreg2 [er_s_m occ_s_m sgl_s_m sei_s_m] using output-s-m, replace alpha(.02, .10, .20)  nonotes
dir : seeout

. outreg2 [er_s_f occ_s_f sgl_s_f sei_s_f] using output-s-f, replace alpha(.02, .10, .20)  nonotes
dir : seeout

. 
end of do-file

. log off
      name:  <unnamed>
       log:  /Users/max/Documents/500_data/logs/run-improved-spec.log
  log type:  text
 paused on:  23 Mar 2017, 22:10:20
---------------------------------------------------------------------------------------------------------------------------------------------------------------------------------
---------------------------------------------------------------------------------------------------------------------------------------------------------------------------------
      name:  <unnamed>
       log:  /Users/max/Documents/500_data/logs/run-improved-spec.log
  log type:  text
resumed on:  23 Mar 2017, 22:38:58

. count if MToNorth==0 and willMarryN==1
invalid 'and' 
r(198);

. count if MToNorth==0 & willMarryN==1
  274

. log close
      name:  <unnamed>
       log:  /Users/max/Documents/500_data/logs/run-improved-spec.log
  log type:  text
 closed on:  23 Mar 2017, 22:39:31
---------------------------------------------------------------------------------------------------------------------------------------------------------------------------------
